<?xml version="1.0" encoding="UTF-8"?>
<!-- Generated by org.testng.reporters.JUnitReportReporter -->
<testsuite hostname="DESKTOP-KFF6RM1" failures="0" tests="17" name="ujian.ujiankeempat.openweather.ByCityNameCountryCode" time="16.209" errors="0" timestamp="2022-09-17T23:17:26 WIB" skipped="0">
  <testcase classname="ujian.ujiankeempat.openweather.ByCityNameCountryCode" name="testGet" time="0.919"/>
  <system-out/>
  <testcase classname="ujian.ujiankeempat.openweather.ByCityNameCountryCode" name="testGet" time="0.813"/>
  <system-out/>
  <testcase classname="ujian.ujiankeempat.openweather.ByCityNameCountryCode" name="testGet" time="1.733"/>
  <system-out/>
  <testcase classname="ujian.ujiankeempat.openweather.ByCityNameCountryCode" name="testGet" time="0.697"/>
  <system-out/>
  <testcase classname="ujian.ujiankeempat.openweather.ByCityNameCountryCode" name="testGet" time="0.608"/>
  <system-out/>
  <testcase classname="ujian.ujiankeempat.openweather.ByCityNameCountryCode" name="testGet" time="0.614"/>
  <system-out/>
  <testcase classname="ujian.ujiankeempat.openweather.ByCityNameCountryCode" name="testGet" time="0.768"/>
  <system-out/>
  <testcase classname="ujian.ujiankeempat.openweather.ByCityNameCountryCode" name="testGet" time="0.692"/>
  <system-out/>
  <testcase classname="ujian.ujiankeempat.openweather.ByCityNameCountryCode" name="testGet" time="0.826"/>
  <system-out/>
  <testcase classname="ujian.ujiankeempat.openweather.ByCityNameCountryCode" name="testGet" time="0.645"/>
  <system-out/>
  <testcase classname="ujian.ujiankeempat.openweather.ByCityNameCountryCode" name="testGet" time="0.812"/>
  <system-out/>
  <testcase classname="ujian.ujiankeempat.openweather.ByCityNameCountryCode" name="testGet" time="2.229"/>
  <system-out/>
  <testcase classname="ujian.ujiankeempat.openweather.ByCityNameCountryCode" name="testGet" time="0.706"/>
  <system-out/>
  <testcase classname="ujian.ujiankeempat.openweather.ByCityNameCountryCode" name="testGet" time="1.842"/>
  <system-out/>
  <testcase classname="ujian.ujiankeempat.openweather.ByCityNameCountryCode" name="testGet" time="0.558"/>
  <system-out/>
  <testcase classname="ujian.ujiankeempat.openweather.ByCityNameCountryCode" name="testGet" time="0.715"/>
  <system-out/>
  <testcase classname="ujian.ujiankeempat.openweather.ByCityNameCountryCode" name="testGet" time="1.032"/>
  <system-out/>
</testsuite> <!-- ujian.ujiankeempat.openweather.ByCityNameCountryCode -->
