<?xml version="1.0" encoding="UTF-8"?>
<!-- Generated by org.testng.reporters.JUnitReportReporter -->
<testsuite hostname="DESKTOP-KFF6RM1" failures="0" tests="10" name="ujian.ujiankeempat.openweather.ByLatLon" time="10.126" errors="0" timestamp="2022-09-17T23:54:05 WIB" skipped="0">
  <testcase classname="ujian.ujiankeempat.openweather.ByLatLon" name="testGet" time="0.815"/>
  <system-out/>
  <testcase classname="ujian.ujiankeempat.openweather.ByLatLon" name="testGet" time="0.772"/>
  <system-out/>
  <testcase classname="ujian.ujiankeempat.openweather.ByLatLon" name="testGet" time="0.713"/>
  <system-out/>
  <testcase classname="ujian.ujiankeempat.openweather.ByLatLon" name="testGet" time="0.710"/>
  <system-out/>
  <testcase classname="ujian.ujiankeempat.openweather.ByLatLon" name="testGet" time="0.840"/>
  <system-out/>
  <testcase classname="ujian.ujiankeempat.openweather.ByLatLon" name="testGet" time="0.639"/>
  <system-out/>
  <testcase classname="ujian.ujiankeempat.openweather.ByLatLon" name="testGet" time="1.015"/>
  <system-out/>
  <testcase classname="ujian.ujiankeempat.openweather.ByLatLon" name="testGet" time="0.714"/>
  <system-out/>
  <testcase classname="ujian.ujiankeempat.openweather.ByLatLon" name="testGet" time="2.253"/>
  <system-out/>
  <testcase classname="ujian.ujiankeempat.openweather.ByLatLon" name="testGet" time="1.655"/>
  <system-out/>
</testsuite> <!-- ujian.ujiankeempat.openweather.ByLatLon -->
