<?xml version="1.0" encoding="UTF-8"?>
<!-- Generated by org.testng.reporters.JUnitReportReporter -->
<testsuite hostname="DESKTOP-KFF6RM1" failures="0" tests="14" name="ujian.ujiankeempat.openweather.ByLatLonLang" time="37.418" errors="0" timestamp="2022-09-18T10:40:49 WIB" skipped="0">
  <testcase classname="ujian.ujiankeempat.openweather.ByLatLonLang" name="testGet" time="1.755"/>
  <system-out/>
  <testcase classname="ujian.ujiankeempat.openweather.ByLatLonLang" name="testGet" time="4.587"/>
  <system-out/>
  <testcase classname="ujian.ujiankeempat.openweather.ByLatLonLang" name="testGet" time="1.339"/>
  <system-out/>
  <testcase classname="ujian.ujiankeempat.openweather.ByLatLonLang" name="testGet" time="4.995"/>
  <system-out/>
  <testcase classname="ujian.ujiankeempat.openweather.ByLatLonLang" name="testGet" time="0.806"/>
  <system-out/>
  <testcase classname="ujian.ujiankeempat.openweather.ByLatLonLang" name="testGet" time="2.772"/>
  <system-out/>
  <testcase classname="ujian.ujiankeempat.openweather.ByLatLonLang" name="testGet" time="2.210"/>
  <system-out/>
  <testcase classname="ujian.ujiankeempat.openweather.ByLatLonLang" name="testGet" time="1.812"/>
  <system-out/>
  <testcase classname="ujian.ujiankeempat.openweather.ByLatLonLang" name="testGet" time="1.646"/>
  <system-out/>
  <testcase classname="ujian.ujiankeempat.openweather.ByLatLonLang" name="testGet" time="2.032"/>
  <system-out/>
  <testcase classname="ujian.ujiankeempat.openweather.ByLatLonLang" name="testGet" time="3.989"/>
  <system-out/>
  <testcase classname="ujian.ujiankeempat.openweather.ByLatLonLang" name="testGet" time="1.883"/>
  <system-out/>
  <testcase classname="ujian.ujiankeempat.openweather.ByLatLonLang" name="testGet" time="3.574"/>
  <system-out/>
  <testcase classname="ujian.ujiankeempat.openweather.ByLatLonLang" name="testGet" time="4.018"/>
  <system-out/>
</testsuite> <!-- ujian.ujiankeempat.openweather.ByLatLonLang -->
