<?xml version="1.0" encoding="UTF-8"?>
<!-- Generated by org.testng.reporters.JUnitReportReporter -->
<testsuite hostname="DESKTOP-KFF6RM1" failures="0" tests="1" name="tugas.selenium.formy.Autocomplete" time="5.670" errors="0" timestamp="2022-09-14T16:12:44 WIB" skipped="0">
  <testcase classname="tugas.selenium.formy.Autocomplete" name="testAutocomplete" time="5.670"/>
  <system-out/>
</testsuite> <!-- tugas.selenium.formy.Autocomplete -->
