<?xml version="1.0" encoding="UTF-8"?>
<!-- Generated by org.testng.reporters.JUnitReportReporter -->
<testsuite hostname="DESKTOP-KFF6RM1" failures="0" tests="1" name="tugas.selenium.demoqa.TestTextBox" time="18.466" errors="0" timestamp="2022-09-16T18:24:33 WIB" skipped="0">
  <testcase classname="tugas.selenium.demoqa.TestTextBox" name="testBoxSubmit" time="18.466"/>
  <system-out/>
</testsuite> <!-- tugas.selenium.demoqa.TestTextBox -->
