<?xml version="1.0" encoding="UTF-8"?>
<!-- Generated by org.testng.reporters.JUnitReportReporter -->
<testsuite hostname="DESKTOP-KFF6RM1" failures="0" tests="5" name="ujian.ujiankeempat.nopcommerce.TestLoginPage" time="45.755" errors="0" timestamp="2022-09-18T03:16:21 WIB" skipped="0">
  <testcase classname="ujian.ujiankeempat.nopcommerce.TestLoginPage" name="testValidLogin" time="14.357"/>
  <system-out/>
  <testcase classname="ujian.ujiankeempat.nopcommerce.TestLoginPage" name="testValidLoginInvalid" time="7.881"/>
  <system-out/>
  <testcase classname="ujian.ujiankeempat.nopcommerce.TestLoginPage" name="testInvalidPassword" time="8.848"/>
  <system-out/>
  <testcase classname="ujian.ujiankeempat.nopcommerce.TestLoginPage" name="testEmailKosong" time="6.839"/>
  <system-out/>
  <testcase classname="ujian.ujiankeempat.nopcommerce.TestLoginPage" name="testInvalidEmail" time="7.830"/>
  <system-out/>
</testsuite> <!-- ujian.ujiankeempat.nopcommerce.TestLoginPage -->
