<?xml version="1.0" encoding="UTF-8"?>
<!-- Generated by org.testng.reporters.JUnitReportReporter -->
<testsuite hostname="DESKTOP-KFF6RM1" failures="0" tests="1" name="tugas.selenium.demoqa.TestPracticeForm" time="17.914" errors="0" timestamp="2022-09-24T16:27:14 WIB" skipped="0">
  <testcase classname="tugas.selenium.demoqa.TestPracticeForm" name="testPracticeForm" time="17.914"/>
  <system-out/>
</testsuite> <!-- tugas.selenium.demoqa.TestPracticeForm -->
