<?xml version="1.0" encoding="UTF-8"?>
<!-- Generated by org.testng.reporters.JUnitReportReporter -->
<testsuite hostname="DESKTOP-KFF6RM1" failures="0" tests="2" name="latihan.cucumber.framework.runner.nopccoba.LoginRunner" time="14.470" errors="0" timestamp="2022-09-20T18:36:22 WIB" skipped="0">
  <testcase classname="latihan.cucumber.framework.runner.nopccoba.LoginRunner" name="runScenario" time="9.865"/>
  <system-out/>
  <testcase classname="latihan.cucumber.framework.runner.nopccoba.LoginRunner" name="runScenario" time="4.605"/>
  <system-out/>
</testsuite> <!-- latihan.cucumber.framework.runner.nopccoba.LoginRunner -->
