<?xml version="1.0" encoding="UTF-8"?>
<!-- Generated by org.testng.reporters.JUnitReportReporter -->
<testsuite hostname="DESKTOP-KFF6RM1" failures="0" tests="1" name="tugas.selenium.formy.KeyboardMouseInput" time="5.337" errors="0" timestamp="2022-09-14T23:34:32 WIB" skipped="0">
  <testcase classname="tugas.selenium.formy.KeyboardMouseInput" name="testKeyboardMouseInput" time="5.337"/>
  <system-out/>
</testsuite> <!-- tugas.selenium.formy.KeyboardMouseInput -->
