<?xml version="1.0" encoding="UTF-8"?>
<!-- Generated by org.testng.reporters.JUnitReportReporter -->
<testsuite hostname="DESKTOP-KFF6RM1" failures="0" tests="1" name="ujian.ujiankeempat.nopcommerce.TestProductTags" time="28.627" errors="0" timestamp="2022-09-18T10:36:47 WIB" skipped="0">
  <testcase classname="ujian.ujiankeempat.nopcommerce.TestProductTags" name="testProductTags" time="28.627"/>
  <system-out/>
</testsuite> <!-- ujian.ujiankeempat.nopcommerce.TestProductTags -->
