<?xml version="1.0" encoding="UTF-8"?>
<!-- Generated by org.testng.reporters.JUnitReportReporter -->
<testsuite hostname="DESKTOP-KFF6RM1" failures="0" tests="17" name="ujian.ujiankeempat.openweather.ByCityNameCountryCode" time="11.217" errors="0" timestamp="2022-09-18T10:39:01 WIB" skipped="0">
  <testcase classname="ujian.ujiankeempat.openweather.ByCityNameCountryCode" name="testGet" time="0.510"/>
  <system-out/>
  <testcase classname="ujian.ujiankeempat.openweather.ByCityNameCountryCode" name="testGet" time="0.509"/>
  <system-out/>
  <testcase classname="ujian.ujiankeempat.openweather.ByCityNameCountryCode" name="testGet" time="0.511"/>
  <system-out/>
  <testcase classname="ujian.ujiankeempat.openweather.ByCityNameCountryCode" name="testGet" time="0.507"/>
  <system-out/>
  <testcase classname="ujian.ujiankeempat.openweather.ByCityNameCountryCode" name="testGet" time="0.511"/>
  <system-out/>
  <testcase classname="ujian.ujiankeempat.openweather.ByCityNameCountryCode" name="testGet" time="0.685"/>
  <system-out/>
  <testcase classname="ujian.ujiankeempat.openweather.ByCityNameCountryCode" name="testGet" time="0.624"/>
  <system-out/>
  <testcase classname="ujian.ujiankeempat.openweather.ByCityNameCountryCode" name="testGet" time="0.608"/>
  <system-out/>
  <testcase classname="ujian.ujiankeempat.openweather.ByCityNameCountryCode" name="testGet" time="0.514"/>
  <system-out/>
  <testcase classname="ujian.ujiankeempat.openweather.ByCityNameCountryCode" name="testGet" time="0.511"/>
  <system-out/>
  <testcase classname="ujian.ujiankeempat.openweather.ByCityNameCountryCode" name="testGet" time="1.094"/>
  <system-out/>
  <testcase classname="ujian.ujiankeempat.openweather.ByCityNameCountryCode" name="testGet" time="0.493"/>
  <system-out/>
  <testcase classname="ujian.ujiankeempat.openweather.ByCityNameCountryCode" name="testGet" time="2.001"/>
  <system-out/>
  <testcase classname="ujian.ujiankeempat.openweather.ByCityNameCountryCode" name="testGet" time="0.506"/>
  <system-out/>
  <testcase classname="ujian.ujiankeempat.openweather.ByCityNameCountryCode" name="testGet" time="0.610"/>
  <system-out/>
  <testcase classname="ujian.ujiankeempat.openweather.ByCityNameCountryCode" name="testGet" time="0.511"/>
  <system-out/>
  <testcase classname="ujian.ujiankeempat.openweather.ByCityNameCountryCode" name="testGet" time="0.512"/>
  <system-out/>
</testsuite> <!-- ujian.ujiankeempat.openweather.ByCityNameCountryCode -->
