<?xml version="1.0" encoding="UTF-8"?>
<!-- Generated by org.testng.reporters.JUnitReportReporter -->
<testsuite hostname="DESKTOP-KFF6RM1" failures="0" tests="1" name="tugas.selenium.formy.Buttons" time="3.326" errors="0" timestamp="2022-09-15T08:35:25 WIB" skipped="0">
  <testcase classname="tugas.selenium.formy.Buttons" name="testButtons" time="3.326"/>
  <system-out/>
</testsuite> <!-- tugas.selenium.formy.Buttons -->
