<?xml version="1.0" encoding="UTF-8"?>
<!-- Generated by org.testng.reporters.JUnitReportReporter -->
<testsuite hostname="DESKTOP-KFF6RM1" failures="0" tests="1" name="tugas.selenium.formy.DragAndDrown" time="16.757" errors="0" timestamp="2022-09-14T20:28:40 WIB" skipped="0">
  <testcase classname="tugas.selenium.formy.DragAndDrown" name="testDragAndDrown" time="16.757"/>
  <system-out/>
</testsuite> <!-- tugas.selenium.formy.DragAndDrown -->
