<?xml version="1.0" encoding="UTF-8"?>
<!-- Generated by org.testng.reporters.JUnitReportReporter -->
<testsuite hostname="DESKTOP-KFF6RM1" failures="0" tests="5" name="ujian.ujiankelima.selenium.TestLoginPage" time="150.664" errors="0" timestamp="2022-09-25T10:13:03 WIB" skipped="0">
  <testcase classname="ujian.ujiankelima.selenium.TestLoginPage" name="testLoginPage" time="27.761"/>
  <system-out/>
  <testcase classname="ujian.ujiankelima.selenium.TestLoginPage" name="testRegisterPage" time="26.642"/>
  <system-out/>
  <testcase classname="ujian.ujiankelima.selenium.TestLoginPage" name="testShoesPage" time="17.706"/>
  <system-out/>
  <testcase classname="ujian.ujiankelima.selenium.TestLoginPage" name="shopPage" time="36.161"/>
  <system-out/>
  <testcase classname="ujian.ujiankelima.selenium.TestLoginPage" name="hapusPage" time="42.394"/>
  <system-out/>
</testsuite> <!-- ujian.ujiankelima.selenium.TestLoginPage -->
