<?xml version="1.0" encoding="UTF-8"?>
<!-- Generated by org.testng.reporters.JUnitReportReporter -->
<testsuite hostname="DESKTOP-KFF6RM1" failures="0" tests="2" name="ujian.ujiankedua.TestCalculator" time="0.010" errors="0" timestamp="2022-09-06T13:17:54 WIB" skipped="0">
  <testcase classname="ujian.ujiankedua.TestCalculator" name="testDivideNilai" time="0.001"/>
  <system-out/>
  <testcase classname="ujian.ujiankedua.TestCalculator" name="testAddNilai" time="0.009"/>
  <system-out/>
</testsuite> <!-- ujian.ujiankedua.TestCalculator -->
