<?xml version="1.0" encoding="UTF-8"?>
<!-- Generated by org.testng.reporters.JUnitReportReporter -->
<testsuite hostname="DESKTOP-KFF6RM1" failures="0" tests="1" name="tugas.selenium.formy.CompleteWebForm" time="7.301" errors="0" timestamp="2022-09-15T00:01:01 WIB" skipped="0">
  <testcase classname="tugas.selenium.formy.CompleteWebForm" name="testCompleteWebForm" time="7.301"/>
  <system-out/>
</testsuite> <!-- tugas.selenium.formy.CompleteWebForm -->
