<?xml version="1.0" encoding="UTF-8"?>
<!-- Generated by org.testng.reporters.JUnitReportReporter -->
<testsuite hostname="DESKTOP-KFF6RM1" failures="0" tests="1" name="tugas.selenium.formy.EnableAndDisable" time="7.099" errors="0" timestamp="2022-09-15T08:49:52 WIB" skipped="0">
  <testcase classname="tugas.selenium.formy.EnableAndDisable" name="testEnableAndDisable" time="7.099"/>
  <system-out/>
</testsuite> <!-- tugas.selenium.formy.EnableAndDisable -->
