<?xml version="1.0" encoding="UTF-8"?>
<!-- Generated by org.testng.reporters.JUnitReportReporter -->
<testsuite hostname="DESKTOP-KFF6RM1" failures="0" tests="1" name="tugas.selenium.formy.DragAndDrow" time="10.551" errors="0" timestamp="2022-09-15T20:31:40 WIB" skipped="0">
  <testcase classname="tugas.selenium.formy.DragAndDrow" name="testDropdown" time="10.551"/>
  <system-out/>
</testsuite> <!-- tugas.selenium.formy.DragAndDrow -->
