<?xml version="1.0" encoding="UTF-8"?>
<!-- Generated by org.testng.reporters.JUnitReportReporter -->
<testsuite hostname="DESKTOP-KFF6RM1" failures="0" tests="1" name="tugas.selenium.formy.Modal" time="14.068" errors="0" timestamp="2022-09-15T17:26:14 WIB" skipped="0">
  <testcase classname="tugas.selenium.formy.Modal" name="testModal" time="14.068"/>
  <system-out/>
</testsuite> <!-- tugas.selenium.formy.Modal -->
