<?xml version="1.0" encoding="UTF-8"?>
<!-- Generated by org.testng.reporters.JUnitReportReporter -->
<testsuite hostname="DESKTOP-KFF6RM1" failures="0" tests="1" name="latihan.CekJudul" time="2.790" errors="0" timestamp="2022-09-13T10:03:45 WIB" skipped="0">
  <testcase classname="latihan.CekJudul" name="cekGoogle" time="2.790"/>
  <system-out/>
</testsuite> <!-- latihan.CekJudul -->
