<?xml version="1.0" encoding="UTF-8"?>
<!-- Generated by org.testng.reporters.JUnitReportReporter -->
<testsuite hostname="DESKTOP-KFF6RM1" failures="0" tests="1" name="tugas.selenium.formy.RadioButtons" time="3.766" errors="0" timestamp="2022-09-15T08:54:31 WIB" skipped="0">
  <testcase classname="tugas.selenium.formy.RadioButtons" name="testRadioButtons" time="3.766"/>
  <system-out/>
</testsuite> <!-- tugas.selenium.formy.RadioButtons -->
