<?xml version="1.0" encoding="UTF-8"?>
<!-- Generated by org.testng.reporters.JUnitReportReporter -->
<testsuite hostname="DESKTOP-KFF6RM1" failures="0" tests="15" name="ujian.ujiankeempat.openweather.ByCityNameStateCode" time="9.772" errors="0" timestamp="2022-09-18T10:39:32 WIB" skipped="0">
  <testcase classname="ujian.ujiankeempat.openweather.ByCityNameStateCode" name="testGet" time="0.514"/>
  <system-out/>
  <testcase classname="ujian.ujiankeempat.openweather.ByCityNameStateCode" name="testGet" time="0.649"/>
  <system-out/>
  <testcase classname="ujian.ujiankeempat.openweather.ByCityNameStateCode" name="testGet" time="0.612"/>
  <system-out/>
  <testcase classname="ujian.ujiankeempat.openweather.ByCityNameStateCode" name="testGet" time="0.614"/>
  <system-out/>
  <testcase classname="ujian.ujiankeempat.openweather.ByCityNameStateCode" name="testGet" time="0.513"/>
  <system-out/>
  <testcase classname="ujian.ujiankeempat.openweather.ByCityNameStateCode" name="testGet" time="0.557"/>
  <system-out/>
  <testcase classname="ujian.ujiankeempat.openweather.ByCityNameStateCode" name="testGet" time="2.118"/>
  <system-out/>
  <testcase classname="ujian.ujiankeempat.openweather.ByCityNameStateCode" name="testGet" time="0.589"/>
  <system-out/>
  <testcase classname="ujian.ujiankeempat.openweather.ByCityNameStateCode" name="testGet" time="0.520"/>
  <system-out/>
  <testcase classname="ujian.ujiankeempat.openweather.ByCityNameStateCode" name="testGet" time="0.561"/>
  <system-out/>
  <testcase classname="ujian.ujiankeempat.openweather.ByCityNameStateCode" name="testGet" time="0.509"/>
  <system-out/>
  <testcase classname="ujian.ujiankeempat.openweather.ByCityNameStateCode" name="testGet" time="0.510"/>
  <system-out/>
  <testcase classname="ujian.ujiankeempat.openweather.ByCityNameStateCode" name="testGet" time="0.501"/>
  <system-out/>
  <testcase classname="ujian.ujiankeempat.openweather.ByCityNameStateCode" name="testGet" time="0.504"/>
  <system-out/>
  <testcase classname="ujian.ujiankeempat.openweather.ByCityNameStateCode" name="testGet" time="0.501"/>
  <system-out/>
</testsuite> <!-- ujian.ujiankeempat.openweather.ByCityNameStateCode -->
