<?xml version="1.0" encoding="UTF-8"?>
<!-- Generated by org.testng.reporters.JUnitReportReporter -->
<testsuite hostname="DESKTOP-KFF6RM1" failures="0" tests="1" name="tugas.selenium.formy.Datepicker" time="17.982" errors="0" timestamp="2022-09-15T08:46:43 WIB" skipped="0">
  <testcase classname="tugas.selenium.formy.Datepicker" name="testDatepicker" time="17.982"/>
  <system-out/>
</testsuite> <!-- tugas.selenium.formy.Datepicker -->
