<?xml version="1.0" encoding="UTF-8"?>
<!-- Generated by org.testng.reporters.JUnitReportReporter -->
<testsuite hostname="DESKTOP-KFF6RM1" failures="0" tests="1" name="ujian.ujiankeempat.nopcommerce.TestLoginPage" time="16.346" errors="0" timestamp="2022-09-19T12:43:20 WIB" skipped="0">
  <testcase classname="ujian.ujiankeempat.nopcommerce.TestLoginPage" name="testValidLogin" time="16.346"/>
  <system-out/>
</testsuite> <!-- ujian.ujiankeempat.nopcommerce.TestLoginPage -->
