<?xml version="1.0" encoding="UTF-8"?>
<!-- Generated by org.testng.reporters.JUnitReportReporter -->
<testsuite hostname="DESKTOP-KFF6RM1" failures="0" tests="3" name="ujian.ujiankedua.TestGeometry" time="0.020" errors="0" timestamp="2022-09-05T19:32:16 WIB" skipped="0">
  <testcase classname="ujian.ujiankedua.TestGeometry" name="testLuasSegitiga" time="0.003"/>
  <system-out/>
  <testcase classname="ujian.ujiankedua.TestGeometry" name="testLuasPersegi" time="0.014"/>
  <system-out/>
  <testcase classname="ujian.ujiankedua.TestGeometry" name="testLuasTrapesium" time="0.003"/>
  <system-out/>
</testsuite> <!-- ujian.ujiankedua.TestGeometry -->
