<?xml version="1.0" encoding="UTF-8"?>
<!-- Generated by org.testng.reporters.JUnitReportReporter -->
<testsuite hostname="DESKTOP-KFF6RM1" failures="0" tests="10" name="ujian.ujiankeempat.openweather.ByLatLon" time="6.668" errors="0" timestamp="2022-09-18T10:39:51 WIB" skipped="0">
  <testcase classname="ujian.ujiankeempat.openweather.ByLatLon" name="testGet" time="0.517"/>
  <system-out/>
  <testcase classname="ujian.ujiankeempat.openweather.ByLatLon" name="testGet" time="0.559"/>
  <system-out/>
  <testcase classname="ujian.ujiankeempat.openweather.ByLatLon" name="testGet" time="0.508"/>
  <system-out/>
  <testcase classname="ujian.ujiankeempat.openweather.ByLatLon" name="testGet" time="0.518"/>
  <system-out/>
  <testcase classname="ujian.ujiankeempat.openweather.ByLatLon" name="testGet" time="2.035"/>
  <system-out/>
  <testcase classname="ujian.ujiankeempat.openweather.ByLatLon" name="testGet" time="0.508"/>
  <system-out/>
  <testcase classname="ujian.ujiankeempat.openweather.ByLatLon" name="testGet" time="0.500"/>
  <system-out/>
  <testcase classname="ujian.ujiankeempat.openweather.ByLatLon" name="testGet" time="0.502"/>
  <system-out/>
  <testcase classname="ujian.ujiankeempat.openweather.ByLatLon" name="testGet" time="0.512"/>
  <system-out/>
  <testcase classname="ujian.ujiankeempat.openweather.ByLatLon" name="testGet" time="0.509"/>
  <system-out/>
</testsuite> <!-- ujian.ujiankeempat.openweather.ByLatLon -->
