<?xml version="1.0" encoding="UTF-8"?>
<!-- Generated by org.testng.reporters.JUnitReportReporter -->
<testsuite hostname="DESKTOP-KFF6RM1" failures="0" tests="1" name="tugas.selenium.formy.RadioButtons" time="3.473" errors="0" timestamp="2022-09-14T23:54:40 WIB" skipped="0">
  <testcase classname="tugas.selenium.formy.RadioButtons" name="testRadioButtons" time="3.473"/>
  <system-out/>
</testsuite> <!-- tugas.selenium.formy.RadioButtons -->
