<?xml version="1.0" encoding="UTF-8"?>
<!-- Generated by org.testng.reporters.JUnitReportReporter -->
<testsuite hostname="DESKTOP-KFF6RM1" failures="0" tests="1" name="tugas.selenium.formy.KeyboardMouseInput" time="21.227" errors="0" timestamp="2022-09-15T17:35:16 WIB" skipped="0">
  <testcase classname="tugas.selenium.formy.KeyboardMouseInput" name="testKeyboardMouseInput" time="21.227"/>
  <system-out/>
</testsuite> <!-- tugas.selenium.formy.KeyboardMouseInput -->
