<?xml version="1.0" encoding="UTF-8"?>
<!-- Generated by org.testng.reporters.JUnitReportReporter -->
<testsuite hostname="DESKTOP-KFF6RM1" failures="0" tests="15" name="ujian.ujiankeempat.openweather.ByCityId" time="9.799" errors="0" timestamp="2022-09-18T10:37:58 WIB" skipped="0">
  <testcase classname="ujian.ujiankeempat.openweather.ByCityId" name="testGet" time="0.612"/>
  <system-out/>
  <testcase classname="ujian.ujiankeempat.openweather.ByCityId" name="testGet" time="0.510"/>
  <system-out/>
  <testcase classname="ujian.ujiankeempat.openweather.ByCityId" name="testGet" time="0.430"/>
  <system-out/>
  <testcase classname="ujian.ujiankeempat.openweather.ByCityId" name="testGet" time="0.562"/>
  <system-out/>
  <testcase classname="ujian.ujiankeempat.openweather.ByCityId" name="testGet" time="0.490"/>
  <system-out/>
  <testcase classname="ujian.ujiankeempat.openweather.ByCityId" name="testGet" time="0.512"/>
  <system-out/>
  <testcase classname="ujian.ujiankeempat.openweather.ByCityId" name="testGet" time="0.511"/>
  <system-out/>
  <testcase classname="ujian.ujiankeempat.openweather.ByCityId" name="testGet" time="0.631"/>
  <system-out/>
  <testcase classname="ujian.ujiankeempat.openweather.ByCityId" name="testGet" time="0.535"/>
  <system-out/>
  <testcase classname="ujian.ujiankeempat.openweather.ByCityId" name="testGet" time="0.604"/>
  <system-out/>
  <testcase classname="ujian.ujiankeempat.openweather.ByCityId" name="testGet" time="2.254"/>
  <system-out/>
  <testcase classname="ujian.ujiankeempat.openweather.ByCityId" name="testGet" time="0.551"/>
  <system-out/>
  <testcase classname="ujian.ujiankeempat.openweather.ByCityId" name="testGet" time="0.508"/>
  <system-out/>
  <testcase classname="ujian.ujiankeempat.openweather.ByCityId" name="testGet" time="0.509"/>
  <system-out/>
  <testcase classname="ujian.ujiankeempat.openweather.ByCityId" name="testGet" time="0.580"/>
  <system-out/>
</testsuite> <!-- ujian.ujiankeempat.openweather.ByCityId -->
