<?xml version="1.0" encoding="UTF-8"?>
<!-- Generated by org.testng.reporters.JUnitReportReporter -->
<testsuite hostname="DESKTOP-KFF6RM1" failures="0" tests="1" name="ujian.ujiankeempat.nopcommerce.TestManufacture" time="27.482" errors="0" timestamp="2022-09-18T03:02:53 WIB" skipped="0">
  <testcase classname="ujian.ujiankeempat.nopcommerce.TestManufacture" name="testProductTags" time="27.482"/>
  <system-out/>
</testsuite> <!-- ujian.ujiankeempat.nopcommerce.TestManufacture -->
