<?xml version="1.0" encoding="UTF-8"?>
<!-- Generated by org.testng.reporters.JUnitReportReporter -->
<testsuite hostname="DESKTOP-KFF6RM1" failures="0" tests="1" name="latihan.selenium.TextBox" time="10.207" errors="0" timestamp="2022-09-15T22:28:05 WIB" skipped="0">
  <testcase classname="latihan.selenium.TextBox" name="testTextBox" time="10.207"/>
  <system-out/>
</testsuite> <!-- latihan.selenium.TextBox -->
