<?xml version="1.0" encoding="UTF-8"?>
<!-- Generated by org.testng.reporters.JUnitReportReporter -->
<testsuite hostname="DESKTOP-KFF6RM1" failures="0" tests="15" name="ujian.ujiankedua.ByCityId" time="19.247" errors="0" timestamp="2022-09-17T21:09:05 WIB" skipped="0">
  <testcase classname="ujian.ujiankedua.ByCityId" name="testGet" time="1.944"/>
  <system-out/>
  <testcase classname="ujian.ujiankedua.ByCityId" name="testGet" time="0.905"/>
  <system-out/>
  <testcase classname="ujian.ujiankedua.ByCityId" name="testGet" time="0.887"/>
  <system-out/>
  <testcase classname="ujian.ujiankedua.ByCityId" name="testGet" time="1.659"/>
  <system-out/>
  <testcase classname="ujian.ujiankedua.ByCityId" name="testGet" time="1.139"/>
  <system-out/>
  <testcase classname="ujian.ujiankedua.ByCityId" name="testGet" time="1.340"/>
  <system-out/>
  <testcase classname="ujian.ujiankedua.ByCityId" name="testGet" time="2.942"/>
  <system-out/>
  <testcase classname="ujian.ujiankedua.ByCityId" name="testGet" time="0.808"/>
  <system-out/>
  <testcase classname="ujian.ujiankedua.ByCityId" name="testGet" time="1.116"/>
  <system-out/>
  <testcase classname="ujian.ujiankedua.ByCityId" name="testGet" time="1.013"/>
  <system-out/>
  <testcase classname="ujian.ujiankedua.ByCityId" name="testGet" time="1.734"/>
  <system-out/>
  <testcase classname="ujian.ujiankedua.ByCityId" name="testGet" time="1.320"/>
  <system-out/>
  <testcase classname="ujian.ujiankedua.ByCityId" name="testGet" time="0.500"/>
  <system-out/>
  <testcase classname="ujian.ujiankedua.ByCityId" name="testGet" time="0.705"/>
  <system-out/>
  <testcase classname="ujian.ujiankedua.ByCityId" name="testGet" time="1.235"/>
  <system-out/>
</testsuite> <!-- ujian.ujiankedua.ByCityId -->
