<?xml version="1.0" encoding="UTF-8"?>
<!-- Generated by org.testng.reporters.JUnitReportReporter -->
<testsuite hostname="DESKTOP-KFF6RM1" failures="0" tests="1" name="tugas.selenium.formy.FileUpload" time="12.825" errors="0" timestamp="2022-09-15T20:04:16 WIB" skipped="0">
  <testcase classname="tugas.selenium.formy.FileUpload" name="testFileUpload" time="12.825"/>
  <system-out/>
</testsuite> <!-- tugas.selenium.formy.FileUpload -->
