<?xml version="1.0" encoding="UTF-8"?>
<!-- Generated by org.testng.reporters.JUnitReportReporter -->
<testsuite hostname="DESKTOP-KFF6RM1" failures="0" tests="15" name="ujian.ujiankeempat.openweather.ByCityNameStateCode" time="18.792" errors="0" timestamp="2022-09-17T23:18:28 WIB" skipped="0">
  <testcase classname="ujian.ujiankeempat.openweather.ByCityNameStateCode" name="testGet" time="1.020"/>
  <system-out/>
  <testcase classname="ujian.ujiankeempat.openweather.ByCityNameStateCode" name="testGet" time="0.665"/>
  <system-out/>
  <testcase classname="ujian.ujiankeempat.openweather.ByCityNameStateCode" name="testGet" time="0.712"/>
  <system-out/>
  <testcase classname="ujian.ujiankeempat.openweather.ByCityNameStateCode" name="testGet" time="0.788"/>
  <system-out/>
  <testcase classname="ujian.ujiankeempat.openweather.ByCityNameStateCode" name="testGet" time="1.847"/>
  <system-out/>
  <testcase classname="ujian.ujiankeempat.openweather.ByCityNameStateCode" name="testGet" time="2.127"/>
  <system-out/>
  <testcase classname="ujian.ujiankeempat.openweather.ByCityNameStateCode" name="testGet" time="1.716"/>
  <system-out/>
  <testcase classname="ujian.ujiankeempat.openweather.ByCityNameStateCode" name="testGet" time="0.608"/>
  <system-out/>
  <testcase classname="ujian.ujiankeempat.openweather.ByCityNameStateCode" name="testGet" time="0.612"/>
  <system-out/>
  <testcase classname="ujian.ujiankeempat.openweather.ByCityNameStateCode" name="testGet" time="2.142"/>
  <system-out/>
  <testcase classname="ujian.ujiankeempat.openweather.ByCityNameStateCode" name="testGet" time="0.716"/>
  <system-out/>
  <testcase classname="ujian.ujiankeempat.openweather.ByCityNameStateCode" name="testGet" time="1.640"/>
  <system-out/>
  <testcase classname="ujian.ujiankeempat.openweather.ByCityNameStateCode" name="testGet" time="1.947"/>
  <system-out/>
  <testcase classname="ujian.ujiankeempat.openweather.ByCityNameStateCode" name="testGet" time="0.617"/>
  <system-out/>
  <testcase classname="ujian.ujiankeempat.openweather.ByCityNameStateCode" name="testGet" time="1.635"/>
  <system-out/>
</testsuite> <!-- ujian.ujiankeempat.openweather.ByCityNameStateCode -->
