<?xml version="1.0" encoding="UTF-8"?>
<!-- Generated by org.testng.reporters.JUnitReportReporter -->
<testsuite hostname="DESKTOP-KFF6RM1" failures="0" tests="2" name="ujian.ujiankedua.TestSortAlgoDynamic" time="0.005" errors="0" timestamp="2022-09-06T13:17:54 WIB" skipped="0">
  <testcase classname="ujian.ujiankedua.TestSortAlgoDynamic" name="testPertama" time="0.003"/>
  <system-out/>
  <testcase classname="ujian.ujiankedua.TestSortAlgoDynamic" name="testKedua" time="0.002"/>
  <system-out/>
</testsuite> <!-- ujian.ujiankedua.TestSortAlgoDynamic -->
