<?xml version="1.0" encoding="UTF-8"?>
<!-- Generated by org.testng.reporters.JUnitReportReporter -->
<testsuite hostname="DESKTOP-KFF6RM1" failures="0" tests="1" name="latihan.restassured.SampleRestAssured" time="1.498" errors="0" timestamp="2022-09-12T10:36:27 WIB" skipped="0">
  <testcase classname="latihan.restassured.SampleRestAssured" name="testDelete" time="1.498"/>
  <system-out/>
</testsuite> <!-- latihan.restassured.SampleRestAssured -->
