<?xml version="1.0" encoding="UTF-8"?>
<!-- Generated by org.testng.reporters.JUnitReportReporter -->
<testsuite hostname="DESKTOP-KFF6RM1" failures="0" tests="6" name="latihan.cucumber.framework.runner.hrmscobaoutline.LoginRunner" time="31.728" errors="0" timestamp="2022-09-20T20:25:40 WIB" skipped="0">
  <testcase classname="latihan.cucumber.framework.runner.hrmscobaoutline.LoginRunner" name="runScenario" time="20.599"/>
  <system-out/>
  <testcase classname="latihan.cucumber.framework.runner.hrmscobaoutline.LoginRunner" name="runScenario" time="2.177"/>
  <system-out/>
  <testcase classname="latihan.cucumber.framework.runner.hrmscobaoutline.LoginRunner" name="runScenario" time="2.213"/>
  <system-out/>
  <testcase classname="latihan.cucumber.framework.runner.hrmscobaoutline.LoginRunner" name="runScenario" time="2.354"/>
  <system-out/>
  <testcase classname="latihan.cucumber.framework.runner.hrmscobaoutline.LoginRunner" name="runScenario" time="2.234"/>
  <system-out/>
  <testcase classname="latihan.cucumber.framework.runner.hrmscobaoutline.LoginRunner" name="runScenario" time="2.151"/>
  <system-out/>
</testsuite> <!-- latihan.cucumber.framework.runner.hrmscobaoutline.LoginRunner -->
