<?xml version="1.0" encoding="UTF-8"?>
<!-- Generated by org.testng.reporters.JUnitReportReporter -->
<testsuite hostname="DESKTOP-KFF6RM1" failures="0" tests="1" name="latihan.selenium.amazon.DemoAUT" time="5.890" errors="0" timestamp="2022-09-16T18:55:42 WIB" skipped="0">
  <testcase classname="latihan.selenium.amazon.DemoAUT" name="testDemoAUT" time="5.890"/>
  <system-out/>
</testsuite> <!-- latihan.selenium.amazon.DemoAUT -->
