<?xml version="1.0" encoding="UTF-8"?>
<!-- Generated by org.testng.reporters.JUnitReportReporter -->
<testsuite hostname="DESKTOP-KFF6RM1" failures="0" tests="1" name="tugas.selenium.formy.PageScroll" time="3.841" errors="0" timestamp="2022-09-14T23:54:14 WIB" skipped="0">
  <testcase classname="tugas.selenium.formy.PageScroll" name="testPageScroll" time="3.841"/>
  <system-out/>
</testsuite> <!-- tugas.selenium.formy.PageScroll -->
