<?xml version="1.0" encoding="UTF-8"?>
<!-- Generated by org.testng.reporters.JUnitReportReporter -->
<testsuite hostname="DESKTOP-KFF6RM1" failures="0" tests="1" name="tugas.selenium.formy.SwitchWindow" time="3.169" errors="0" timestamp="2022-09-14T23:57:45 WIB" skipped="0">
  <testcase classname="tugas.selenium.formy.SwitchWindow" name="testSwitchWindow" time="3.169"/>
  <system-out/>
</testsuite> <!-- tugas.selenium.formy.SwitchWindow -->
