<?xml version="1.0" encoding="UTF-8"?>
<!-- Generated by org.testng.reporters.JUnitReportReporter -->
<testsuite hostname="DESKTOP-KFF6RM1" failures="0" tests="1" name="tugas.selenium.formy.Buttons" time="10.611" errors="0" timestamp="2022-09-14T20:20:07 WIB" skipped="0">
  <testcase classname="tugas.selenium.formy.Buttons" name="testButtons" time="10.611"/>
  <system-out/>
</testsuite> <!-- tugas.selenium.formy.Buttons -->
