<?xml version="1.0" encoding="UTF-8"?>
<!-- Generated by org.testng.reporters.JUnitReportReporter -->
<testsuite hostname="DESKTOP-KFF6RM1" failures="0" tests="1" name="tugas.selenium.formy.SwitchWindow" time="9.872" errors="0" timestamp="2022-09-15T17:32:21 WIB" skipped="0">
  <testcase classname="tugas.selenium.formy.SwitchWindow" name="testSwitchWindow" time="9.872"/>
  <system-out/>
</testsuite> <!-- tugas.selenium.formy.SwitchWindow -->
