<?xml version="1.0" encoding="UTF-8"?>
<!-- Generated by org.testng.reporters.JUnitReportReporter -->
<testsuite hostname="DESKTOP-KFF6RM1" failures="0" tests="8" name="ujian.ujiankelima.cucumber.DemoQARunner" time="56.861" errors="0" timestamp="2022-09-25T10:14:20 WIB" skipped="0">
  <testcase classname="ujian.ujiankelima.cucumber.DemoQARunner" name="runScenario" time="6.070"/>
  <system-out/>
  <testcase classname="ujian.ujiankelima.cucumber.DemoQARunner" name="runScenario" time="5.112"/>
  <system-out/>
  <testcase classname="ujian.ujiankelima.cucumber.DemoQARunner" name="runScenario" time="7.500"/>
  <system-out/>
  <testcase classname="ujian.ujiankelima.cucumber.DemoQARunner" name="runScenario" time="5.725"/>
  <system-out/>
  <testcase classname="ujian.ujiankelima.cucumber.DemoQARunner" name="runScenario" time="7.100"/>
  <system-out/>
  <testcase classname="ujian.ujiankelima.cucumber.DemoQARunner" name="runScenario" time="6.038"/>
  <system-out/>
  <testcase classname="ujian.ujiankelima.cucumber.DemoQARunner" name="runScenario" time="12.393"/>
  <system-out/>
  <testcase classname="ujian.ujiankelima.cucumber.DemoQARunner" name="runScenario" time="6.923"/>
  <system-out/>
</testsuite> <!-- ujian.ujiankelima.cucumber.DemoQARunner -->
