<?xml version="1.0" encoding="UTF-8"?>
<!-- Generated by org.testng.reporters.JUnitReportReporter -->
<testsuite hostname="DESKTOP-KFF6RM1" failures="0" tests="1" name="tugas.selenium.amazon.TestDemoAUT" time="17.401" errors="0" timestamp="2022-09-16T19:12:15 WIB" skipped="0">
  <testcase classname="tugas.selenium.amazon.TestDemoAUT" name="testDemoAUT" time="17.401"/>
  <system-out/>
</testsuite> <!-- tugas.selenium.amazon.TestDemoAUT -->
