<?xml version="1.0" encoding="UTF-8"?>
<!-- Generated by org.testng.reporters.JUnitReportReporter -->
<testsuite hostname="DESKTOP-KFF6RM1" failures="0" tests="6" name="latihan.cucumber.framework.runner.hrms.sceneoutlinefix.OutlineRunner" time="16.645" errors="0" timestamp="2022-09-20T09:16:03 WIB" skipped="0">
  <testcase classname="latihan.cucumber.framework.runner.hrms.sceneoutlinefix.OutlineRunner" name="runScenario" time="1.676"/>
  <system-out/>
  <testcase classname="latihan.cucumber.framework.runner.hrms.sceneoutlinefix.OutlineRunner" name="runScenario" time="8.200"/>
  <system-out/>
  <testcase classname="latihan.cucumber.framework.runner.hrms.sceneoutlinefix.OutlineRunner" name="runScenario" time="1.662"/>
  <system-out/>
  <testcase classname="latihan.cucumber.framework.runner.hrms.sceneoutlinefix.OutlineRunner" name="runScenario" time="1.717"/>
  <system-out/>
  <testcase classname="latihan.cucumber.framework.runner.hrms.sceneoutlinefix.OutlineRunner" name="runScenario" time="1.759"/>
  <system-out/>
  <testcase classname="latihan.cucumber.framework.runner.hrms.sceneoutlinefix.OutlineRunner" name="runScenario" time="1.631"/>
  <system-out/>
</testsuite> <!-- latihan.cucumber.framework.runner.hrms.sceneoutlinefix.OutlineRunner -->
