<?xml version="1.0" encoding="UTF-8"?>
<!-- Generated by org.testng.reporters.JUnitReportReporter -->
<testsuite hostname="DESKTOP-KFF6RM1" failures="0" tests="14" name="ujian.ujiankeempat.openweather.ByLatLonLang" time="27.361" errors="0" timestamp="2022-09-17T23:20:30 WIB" skipped="0">
  <testcase classname="ujian.ujiankeempat.openweather.ByLatLonLang" name="testGet" time="1.007"/>
  <system-out/>
  <testcase classname="ujian.ujiankeempat.openweather.ByLatLonLang" name="testGet" time="1.730"/>
  <system-out/>
  <testcase classname="ujian.ujiankeempat.openweather.ByLatLonLang" name="testGet" time="1.091"/>
  <system-out/>
  <testcase classname="ujian.ujiankeempat.openweather.ByLatLonLang" name="testGet" time="2.090"/>
  <system-out/>
  <testcase classname="ujian.ujiankeempat.openweather.ByLatLonLang" name="testGet" time="0.854"/>
  <system-out/>
  <testcase classname="ujian.ujiankeempat.openweather.ByLatLonLang" name="testGet" time="0.813"/>
  <system-out/>
  <testcase classname="ujian.ujiankeempat.openweather.ByLatLonLang" name="testGet" time="9.486"/>
  <system-out/>
  <testcase classname="ujian.ujiankeempat.openweather.ByLatLonLang" name="testGet" time="1.730"/>
  <system-out/>
  <testcase classname="ujian.ujiankeempat.openweather.ByLatLonLang" name="testGet" time="4.003"/>
  <system-out/>
  <testcase classname="ujian.ujiankeempat.openweather.ByLatLonLang" name="testGet" time="0.923"/>
  <system-out/>
  <testcase classname="ujian.ujiankeempat.openweather.ByLatLonLang" name="testGet" time="1.032"/>
  <system-out/>
  <testcase classname="ujian.ujiankeempat.openweather.ByLatLonLang" name="testGet" time="0.860"/>
  <system-out/>
  <testcase classname="ujian.ujiankeempat.openweather.ByLatLonLang" name="testGet" time="1.027"/>
  <system-out/>
  <testcase classname="ujian.ujiankeempat.openweather.ByLatLonLang" name="testGet" time="0.715"/>
  <system-out/>
</testsuite> <!-- ujian.ujiankeempat.openweather.ByLatLonLang -->
