<?xml version="1.0" encoding="UTF-8"?>
<!-- Generated by org.testng.reporters.JUnitReportReporter -->
<testsuite hostname="DESKTOP-KFF6RM1" failures="0" tests="1" name="tugas.selenium.demoqa.TestPracticeForm" time="16.528" errors="0" timestamp="2022-09-16T23:51:17 WIB" skipped="0">
  <testcase classname="tugas.selenium.demoqa.TestPracticeForm" name="testPracticeForm" time="16.528"/>
  <system-out/>
</testsuite> <!-- tugas.selenium.demoqa.TestPracticeForm -->
