<?xml version="1.0" encoding="UTF-8"?>
<!-- Generated by org.testng.reporters.JUnitReportReporter -->
<testsuite hostname="DESKTOP-KFF6RM1" failures="0" tests="1" name="tugas.selenium.formy.Autocomplete" time="4.730" errors="0" timestamp="2022-09-15T08:33:46 WIB" skipped="0">
  <testcase classname="tugas.selenium.formy.Autocomplete" name="testAutocomplete" time="4.730"/>
  <system-out/>
</testsuite> <!-- tugas.selenium.formy.Autocomplete -->
