<?xml version="1.0" encoding="UTF-8"?>
<!-- Generated by org.testng.reporters.JUnitReportReporter -->
<testsuite hostname="DESKTOP-KFF6RM1" failures="0" tests="2" name="ujian.ujiankedua.TestParseToNumeric" time="6.002" errors="0" timestamp="2022-09-06T13:11:07 WIB" skipped="0">
  <testcase classname="ujian.ujiankedua.TestParseToNumeric" name="testParseToLong" time="1.631"/>
  <system-out/>
  <testcase classname="ujian.ujiankedua.TestParseToNumeric" name="testParseToInt" time="4.371"/>
  <system-out/>
</testsuite> <!-- ujian.ujiankedua.TestParseToNumeric -->
