<?xml version="1.0" encoding="UTF-8"?>
<!-- Generated by org.testng.reporters.JUnitReportReporter -->
<testsuite hostname="DESKTOP-KFF6RM1" failures="0" tests="1" name="tugas.selenium.formy.Checkboxes" time="7.515" errors="0" timestamp="2022-09-14T20:21:08 WIB" skipped="0">
  <testcase classname="tugas.selenium.formy.Checkboxes" name="testCheckboxes" time="7.515"/>
  <system-out/>
</testsuite> <!-- tugas.selenium.formy.Checkboxes -->
