<?xml version="1.0" encoding="UTF-8"?>
<!-- Generated by org.testng.reporters.JUnitReportReporter -->
<testsuite hostname="DESKTOP-KFF6RM1" failures="0" tests="1" name="latihan.pagefactoryobjek.TestLogin" time="13.226" errors="0" timestamp="2022-09-15T13:04:41 WIB" skipped="0">
  <testcase classname="latihan.pagefactoryobjek.TestLogin" name="testValidLogin" time="13.226"/>
  <system-out/>
</testsuite> <!-- latihan.pagefactoryobjek.TestLogin -->
