<?xml version="1.0" encoding="UTF-8"?>
<!-- Generated by org.testng.reporters.JUnitReportReporter -->
<testsuite hostname="DESKTOP-KFF6RM1" failures="0" tests="8" name="ujian.ujiankelima.cucumber.DemoQARunner" time="48.650" errors="0" timestamp="2022-09-25T01:47:27 WIB" skipped="0">
  <testcase classname="ujian.ujiankelima.cucumber.DemoQARunner" name="runScenario" time="6.543"/>
  <system-out/>
  <testcase classname="ujian.ujiankelima.cucumber.DemoQARunner" name="runScenario" time="6.688"/>
  <system-out/>
  <testcase classname="ujian.ujiankelima.cucumber.DemoQARunner" name="runScenario" time="10.042"/>
  <system-out/>
  <testcase classname="ujian.ujiankelima.cucumber.DemoQARunner" name="runScenario" time="4.982"/>
  <system-out/>
  <testcase classname="ujian.ujiankelima.cucumber.DemoQARunner" name="runScenario" time="7.059"/>
  <system-out/>
  <testcase classname="ujian.ujiankelima.cucumber.DemoQARunner" name="runScenario" time="4.349"/>
  <system-out/>
  <testcase classname="ujian.ujiankelima.cucumber.DemoQARunner" name="runScenario" time="4.458"/>
  <system-out/>
  <testcase classname="ujian.ujiankelima.cucumber.DemoQARunner" name="runScenario" time="4.529"/>
  <system-out/>
</testsuite> <!-- ujian.ujiankelima.cucumber.DemoQARunner -->
