<?xml version="1.0" encoding="UTF-8"?>
<!-- Generated by org.testng.reporters.JUnitReportReporter -->
<testsuite hostname="DESKTOP-KFF6RM1" failures="0" tests="5" name="ujian.ujiankelima.selenium.TestLoginPage" time="93.527" errors="0" timestamp="2022-09-25T01:46:13 WIB" skipped="0">
  <testcase classname="ujian.ujiankelima.selenium.TestLoginPage" name="testLoginPage" time="16.995"/>
  <system-out/>
  <testcase classname="ujian.ujiankelima.selenium.TestLoginPage" name="testRegisterPage" time="16.955"/>
  <system-out/>
  <testcase classname="ujian.ujiankelima.selenium.TestLoginPage" name="testShoesPage" time="12.936"/>
  <system-out/>
  <testcase classname="ujian.ujiankelima.selenium.TestLoginPage" name="shopPage" time="19.874"/>
  <system-out/>
  <testcase classname="ujian.ujiankelima.selenium.TestLoginPage" name="hapusPage" time="26.767"/>
  <system-out/>
</testsuite> <!-- ujian.ujiankelima.selenium.TestLoginPage -->
