<?xml version="1.0" encoding="UTF-8"?>
<!-- Generated by org.testng.reporters.JUnitReportReporter -->
<testsuite hostname="DESKTOP-KFF6RM1" failures="0" tests="6" name="ujian.ujiankelima.testng.TestParseStringToNumeric" time="0.015" errors="0" timestamp="2022-09-25T01:43:13 WIB" skipped="0">
  <testcase classname="ujian.ujiankelima.testng.TestParseStringToNumeric" name="testParseToInt" time="0.008"/>
  <system-out/>
  <testcase classname="ujian.ujiankelima.testng.TestParseStringToNumeric" name="testParseToLong" time="0.001"/>
  <system-out/>
  <testcase classname="ujian.ujiankelima.testng.TestParseStringToNumeric" name="testParseToByte" time="0.001"/>
  <system-out/>
  <testcase classname="ujian.ujiankelima.testng.TestParseStringToNumeric" name="testParseToShort" time="0.001"/>
  <system-out/>
  <testcase classname="ujian.ujiankelima.testng.TestParseStringToNumeric" name="testParseToFloat" time="0.003"/>
  <system-out/>
  <testcase classname="ujian.ujiankelima.testng.TestParseStringToNumeric" name="testParseToDouble" time="0.001"/>
  <system-out/>
</testsuite> <!-- ujian.ujiankelima.testng.TestParseStringToNumeric -->
