<?xml version="1.0" encoding="UTF-8"?>
<!-- Generated by org.testng.reporters.JUnitReportReporter -->
<testsuite hostname="DESKTOP-KFF6RM1" failures="0" tests="4" name="ujian.ujiankedua.TestMatematika" time="0.008" errors="0" timestamp="2022-09-06T13:11:07 WIB" skipped="0">
  <testcase classname="ujian.ujiankedua.TestMatematika" name="testModulusNilai" time="0.002"/>
  <system-out/>
  <testcase classname="ujian.ujiankedua.TestMatematika" name="testKurangNilai" time="0.002"/>
  <system-out/>
  <testcase classname="ujian.ujiankedua.TestMatematika" name="testTambahNilai" time="0.002"/>
  <system-out/>
  <testcase classname="ujian.ujiankedua.TestMatematika" name="testBagiNilai" time="0.002"/>
  <system-out/>
</testsuite> <!-- ujian.ujiankedua.TestMatematika -->
