<?xml version="1.0" encoding="UTF-8"?>
<!-- Generated by org.testng.reporters.JUnitReportReporter -->
<testsuite hostname="DESKTOP-KFF6RM1" failures="0" tests="15" name="latihan.restassured.PostDataFromExcel" time="2.630" errors="0" timestamp="2022-09-12T14:32:54 WIB" skipped="0">
  <testcase classname="latihan.restassured.PostDataFromExcel" name="testPost" time="0.073"/>
  <system-out/>
  <testcase classname="latihan.restassured.PostDataFromExcel" name="testPost" time="0.059"/>
  <system-out/>
  <testcase classname="latihan.restassured.PostDataFromExcel" name="testPost" time="0.043"/>
  <system-out/>
  <testcase classname="latihan.restassured.PostDataFromExcel" name="testPost" time="0.045"/>
  <system-out/>
  <testcase classname="latihan.restassured.PostDataFromExcel" name="testPost" time="0.048"/>
  <system-out/>
  <testcase classname="latihan.restassured.PostDataFromExcel" name="testPost" time="0.069"/>
  <system-out/>
  <testcase classname="latihan.restassured.PostDataFromExcel" name="testPost" time="0.048"/>
  <system-out/>
  <testcase classname="latihan.restassured.PostDataFromExcel" name="testPost" time="0.045"/>
  <system-out/>
  <testcase classname="latihan.restassured.PostDataFromExcel" name="testPost" time="0.042"/>
  <system-out/>
  <testcase classname="latihan.restassured.PostDataFromExcel" name="testPost" time="0.044"/>
  <system-out/>
  <testcase classname="latihan.restassured.PostDataFromExcel" name="testPost" time="0.056"/>
  <system-out/>
  <testcase classname="latihan.restassured.PostDataFromExcel" name="testPost" time="0.044"/>
  <system-out/>
  <testcase classname="latihan.restassured.PostDataFromExcel" name="testPost" time="0.058"/>
  <system-out/>
  <testcase classname="latihan.restassured.PostDataFromExcel" name="testPost" time="0.062"/>
  <system-out/>
  <testcase classname="latihan.restassured.PostDataFromExcel" name="testPost" time="1.894"/>
  <system-out/>
</testsuite> <!-- latihan.restassured.PostDataFromExcel -->
